<?xml version="1.0" encoding="UTF-8"?>
<!-- Generated by org.testng.reporters.JUnitXMLReporter -->
<testsuite ignored="3" hostname="DESKTOP-54S8IDC" failures="0" tests="1" name="Default test" time="1.641" errors="0" timestamp="2025-11-27T19:55:27 IST">
  <testcase classname="com.automation.apitests.UserApiTests" name="test_1_createUser" time="1.397"/>
  <testcase classname="com.automation.apitests.UserApiTests" name="test3_UpdateUserJob" time="0.0">
    <ignored/>
  </testcase> <!-- test3_UpdateUserJob -->
  <testcase classname="com.automation.apitests.UserApiTests" name="test4_DeleteUser" time="0.0">
    <ignored/>
  </testcase> <!-- test4_DeleteUser -->
  <testcase classname="com.automation.apitests.UserApiTests" name="test_2_getUser" time="0.0">
    <ignored/>
  </testcase> <!-- test_2_getUser -->
</testsuite> <!-- Default test -->
