<?xml version="1.0" encoding="UTF-8"?>
<testng-results ignored="0" total="4" passed="4" failed="0" skipped="0">
  <reporter-output>
  </reporter-output>
  <suite started-at="2025-11-28T18:27:26 IST" name="Default suite" finished-at="2025-11-28T18:27:28 IST" duration-ms="2707">
    <groups>
    </groups>
    <test started-at="2025-11-28T18:27:26 IST" name="Default test" finished-at="2025-11-28T18:27:28 IST" duration-ms="2707">
      <class name="com.automation.apitests.UserApiTests">
        <test-method is-config="true" signature="setup()[pri:0, instance:com.automation.apitests.UserApiTests@639c2c1d]" started-at="2025-11-28T18:27:26 IST" name="setup" finished-at="2025-11-28T18:27:26 IST" duration-ms="213" status="PASS">
          <reporter-output>
          </reporter-output>
        </test-method> <!-- setup -->
        <test-method signature="test_1_createUser()[pri:1, instance:com.automation.apitests.UserApiTests@639c2c1d]" started-at="2025-11-28T18:27:26 IST" name="test_1_createUser" finished-at="2025-11-28T18:27:27 IST" duration-ms="1604" status="PASS">
          <reporter-output>
          </reporter-output>
        </test-method> <!-- test_1_createUser -->
        <test-method signature="test_2_getUser()[pri:2, instance:com.automation.apitests.UserApiTests@639c2c1d]" started-at="2025-11-28T18:27:27 IST" name="test_2_getUser" finished-at="2025-11-28T18:27:27 IST" duration-ms="113" status="PASS">
          <reporter-output>
          </reporter-output>
        </test-method> <!-- test_2_getUser -->
        <test-method signature="test3_UpdateUserJob()[pri:3, instance:com.automation.apitests.UserApiTests@639c2c1d]" started-at="2025-11-28T18:27:27 IST" name="test3_UpdateUserJob" finished-at="2025-11-28T18:27:28 IST" duration-ms="372" status="PASS">
          <reporter-output>
          </reporter-output>
        </test-method> <!-- test3_UpdateUserJob -->
        <test-method signature="test4_DeleteUser()[pri:4, instance:com.automation.apitests.UserApiTests@639c2c1d]" started-at="2025-11-28T18:27:28 IST" name="test4_DeleteUser" finished-at="2025-11-28T18:27:28 IST" duration-ms="377" status="PASS">
          <reporter-output>
          </reporter-output>
        </test-method> <!-- test4_DeleteUser -->
        <test-method is-config="true" signature="teardown()[pri:0, instance:com.automation.apitests.UserApiTests@639c2c1d]" started-at="2025-11-28T18:27:28 IST" name="teardown" finished-at="2025-11-28T18:27:28 IST" duration-ms="1" status="PASS">
          <reporter-output>
          </reporter-output>
        </test-method> <!-- teardown -->
      </class> <!-- com.automation.apitests.UserApiTests -->
    </test> <!-- Default test -->
  </suite> <!-- Default suite -->
</testng-results>
