<?xml version="1.0" encoding="UTF-8"?>
<testng-results ignored="0" total="1" passed="1" failed="0" skipped="0">
  <reporter-output>
  </reporter-output>
  <suite started-at="2026-01-13T15:49:17 IST" name="Default suite" finished-at="2026-01-13T15:49:19 IST" duration-ms="1997">
    <groups>
    </groups>
    <test started-at="2026-01-13T15:49:17 IST" name="Default test" finished-at="2026-01-13T15:49:19 IST" duration-ms="1997">
      <class name="tests.LoginTest">
        <test-method is-config="true" signature="setup()[pri:0, instance:tests.LoginTest@2d3379b4]" started-at="2026-01-13T15:49:17 IST" name="setup" finished-at="2026-01-13T15:49:18 IST" duration-ms="211" status="PASS">
          <reporter-output>
          </reporter-output>
        </test-method> <!-- setup -->
        <test-method signature="testLoginUser()[pri:0, instance:tests.LoginTest@2d3379b4]" started-at="2026-01-13T15:49:18 IST" name="testLoginUser" finished-at="2026-01-13T15:49:19 IST" duration-ms="1759" status="PASS">
          <reporter-output>
          </reporter-output>
        </test-method> <!-- testLoginUser -->
      </class> <!-- tests.LoginTest -->
    </test> <!-- Default test -->
  </suite> <!-- Default suite -->
</testng-results>
