<?xml version="1.0" encoding="UTF-8"?>
<!-- Generated by org.testng.reporters.JUnitReportReporter -->
<testsuite hostname="DESKTOP-54S8IDC" failures="0" tests="4" name="com.automation.apitests.UserApiTests" time="2.466" errors="0" timestamp="2025-11-28T18:27:28 IST" skipped="0">
  <testcase classname="com.automation.apitests.UserApiTests" name="test_1_createUser" time="1.604"/>
  <testcase classname="com.automation.apitests.UserApiTests" name="test_2_getUser" time="0.113"/>
  <testcase classname="com.automation.apitests.UserApiTests" name="test3_UpdateUserJob" time="0.372"/>
  <testcase classname="com.automation.apitests.UserApiTests" name="test4_DeleteUser" time="0.377"/>
</testsuite> <!-- com.automation.apitests.UserApiTests -->
